Launching "Sid Meier's Civilization VI" (legendary)
Native? No
Installed in: /home/tdljayden/Games/Heroic/SidMeiersCivilizationVI

System Info:
CPU: 12x AMD Ryzen 5 5600X 6-Core Processor
Memory: 16.67 GB (used: 1.88 GB)
GPUs:

OS: Gentoo 6.12.16-tdljayden-petrichor (linux)

The current system is not a Steam Deck
We are not running inside a Flatpak container

Software Versions:
  Heroic: 2.16.1 Scopper Gaban
  Legendary: 0.20.36 Urban Flight (Heroic)
  gogdl: 1.1.2
  comet: comet 0.2.0
  Nile: 1.1.2 Will A. Zeppeli

Game Settings: {
	"autoInstallDxvk": false,
	"autoInstallDxvkNvapi": false,
	"autoInstallVkd3d": false,
	"preferSystemLibs": true,
	"enableEsync": true,
	"enableMsync": false,
	"enableFsync": true,
	"nvidiaPrime": false,
	"enviromentOptions": [],
	"wrapperOptions": [],
	"showFps": false,
	"targetExe": "/home/tdljayden/Games/Heroic/SidMeiersCivilizationVI/Base/Binaries/Win64EOS/CivilizationVI_DX12.exe",
	"useGameMode": true,
	"battlEyeRuntime": true,
	"eacRuntime": true,
	"language": "",
	"beforeLaunchScriptPath": "",
	"afterLaunchScriptPath": "",
	"gamescope": {
		"enableUpscaling": true,
		"enableLimiter": false,
		"windowType": "fullscreen",
		"gameWidth": "1920",
		"gameHeight": "1080",
		"upscaleHeight": "1080",
		"upscaleWidth": "1920",
		"upscaleMethod": "stretch",
		"fpsLimiter": "",
		"fpsLimiterNoFocus": "",
		"additionalOptions": "--immediate-flips -o 24 --framerate-limit 0  -r 144 --force-grab-cursor -g --rt -O DP-2 --display-index DP-2 --mangoapp"
	},
	"verboseLogs": false,
	"wineVersion": {
		"bin": "/etc/eselect/wine/bin/wine",
		"name": "Wine Default - wine-9.0 (Proton-9.0-2)",
		"type": "wine",
		"wineserver": "/etc/eselect/wine/bin/wineserver"
	},
	"winePrefix": "/home/tdljayden/Games/Heroic/Prefixes/default/Sid Meiers Civilization VI",
	"wineCrossoverBottle": "",
	"enableDXVKFpsLimit": false,
	"ignoreGameUpdates": true
}

Game launched at: Fri Mar 21 2025 21:06:14 GMT+0000 (GMT)

Winetricks packages: 

Launch Command: HEROIC_APP_NAME=Kinglet HEROIC_APP_RUNNER=legendary GAMEID=umu-0 HEROIC_APP_SOURCE=epic STORE=egs STEAM_COMPAT_INSTALL_PATH=/home/tdljayden/Games/Heroic/SidMeiersCivilizationVI LD_PRELOAD= WINEPREFIX="/home/tdljayden/Games/Heroic/Prefixes/default/Sid Meiers Civilization VI" WINEDLLOVERRIDES=winemenubuilder.exe=d WINE_FULLSCREEN_FSR=0 WINEESYNC=1 WINEFSYNC=1 PROTON_EAC_RUNTIME=/home/tdljayden/.config/heroic/tools/runtimes/eac_runtime PROTON_BATTLEYE_RUNTIME=/home/tdljayden/.config/heroic/tools/runtimes/battleye_runtime /opt/heroic-2.16.1/resources/app.asar.unpacked/build/bin/x64/linux/legendary launch Kinglet --wine /etc/eselect/wine/bin/wine --wrapper "/usr/bin/gamescope -w 1920 -h 1080 -W 1920 -H 1080 -S stretch -f --immediate-flips -o 24 --framerate-limit 0 -r 144 --force-grab-cursor -g --rt -O DP-2 --display-index DP-2 --mangoapp -- /usr/bin/gamemoderun" --skip-version-check --language en --override-exe /home/tdljayden/Games/Heroic/SidMeiersCivilizationVI/Base/Binaries/Win64EOS/CivilizationVI_DX12.exe --offline

Game Log:
IMPORTANT: Logs are disabled.
Enable verbose logs in Game's settings > Advanced tab > 'Enable verbose logs' before reporting an issue.

