Launching "Rocket League®" (legendary)
Native? No
Installed in: /home/tdljayden/Games/Heroic/rocketleague

System Info:
CPU: 12x AMD Ryzen 5 5600X 6-Core Processor
Memory: 16.67 GB (used: 3.18 GB)
GPUs:
  GPU 0:
    Name: Advanced Micro Devices, Inc. [AMD/ATI] RX 6600 MECH 2X
    IDs: D=73ff V=1002 SD=5022 SV=1462
    Driver: amdgpu
OS: Gentoo 6.6.67-tdljayden-petrichor (linux)

The current system is not a Steam Deck
We are not running inside a Flatpak container

Software Versions:
  Heroic: 2.15.2 Emeth
  Legendary: 0.20.36 Urban Flight (Heroic)
  gogdl: 1.1.2
  comet: comet 0.1.2

  Nile: 1.1.2 Will A. Zeppeli

Game Settings: {
	"autoInstallDxvk": true,
	"autoInstallDxvkNvapi": false,
	"autoInstallVkd3d": false,
	"preferSystemLibs": false,
	"enableEsync": false,
	"enableMsync": false,
	"enableFsync": true,
	"nvidiaPrime": false,
	"enviromentOptions": [],
	"wrapperOptions": [],
	"showFps": false,
	"useGameMode": false,
	"battlEyeRuntime": true,
	"eacRuntime": true,
	"language": "",
	"beforeLaunchScriptPath": "",
	"afterLaunchScriptPath": "",
	"wineVersion": {
		"bin": "/etc/eselect/wine/bin/wine",
		"name": "Wine Default - wine-9.0 (Proton-9.0-2)",
		"type": "wine",
		"wineserver": "/etc/eselect/wine/bin/wineserver"
	},
	"winePrefix": "/home/tdljayden/Games/Heroic/Prefixes/default/Rocket League",
	"wineCrossoverBottle": ""
}

Game launched at: Sat Jan 25 2025 19:24:22 GMT+0000 (GMT)

Winetricks packages: 

Launch Command: HEROIC_APP_NAME=Sugar HEROIC_APP_RUNNER=legendary GAMEID=umu-0 HEROIC_APP_SOURCE=epic STORE=egs STEAM_COMPAT_INSTALL_PATH=/home/tdljayden/Games/Heroic/rocketleague LD_PRELOAD= WINEPREFIX="/home/tdljayden/Games/Heroic/Prefixes/default/Rocket League" WINEDLLOVERRIDES=winemenubuilder.exe=d WINE_FULLSCREEN_FSR=0 WINEFSYNC=1 PROTON_EAC_RUNTIME=/home/tdljayden/.config/heroic/tools/runtimes/eac_runtime PROTON_BATTLEYE_RUNTIME=/home/tdljayden/.config/heroic/tools/runtimes/battleye_runtime ORIG_LD_LIBRARY_PATH= /opt/heroic-2.15.2/resources/app.asar.unpacked/build/bin/x64/linux/legendary launch Sugar --wine /etc/eselect/wine/bin/wine --language en

Game Log:
[cli] INFO: Logging in...
Traceback (most recent call last):
  File "legendary/cli.py", line 3224, in <module>
  File "legendary/cli.py", line 3137, in main
  File "legendary/cli.py", line 612, in launch_game
  File "legendary/core.py", line 256, in login
  File "legendary/core.py", line 192, in _login
ValueError: No saved credentials
[PYI-18831:ERROR] Failed to execute script 'cli' due to unhandled exception!
============= End of log =============